<?xml version="1.0" encoding="UTF-8"?>
<!-- Generated by org.testng.reporters.JUnitReportReporter -->
<testsuite hostname="LAPTOP-HOM13T9M" failures="0" tests="1" name="com.actitime.testcases.TC1_ActitimeLoginLogout" time="10.786" errors="0" timestamp="2023-06-04T20:29:51 IST" skipped="0">
  <testcase classname="com.actitime.testcases.TC1_ActitimeLoginLogout" name="loginLogout" time="10.786"/>
  <system-out>
    <![CDATA[both titles are matching]]>
  </system-out>
</testsuite> <!-- com.actitime.testcases.TC1_ActitimeLoginLogout -->
