<?xml version="1.0" encoding="UTF-8"?>
<!-- Generated by org.testng.reporters.JUnitReportReporter -->
<testsuite hostname="LAPTOP-HOM13T9M" failures="0" tests="3" name="com.actitime.testcases.TC6_ActitimeCreateLeaveType" time="29.098" errors="0" timestamp="2023-06-04T20:29:51 IST" skipped="0">
  <testcase classname="com.actitime.testcases.TC6_ActitimeCreateLeaveType" name="login" time="0.342"/>
  <system-out/>
  <testcase classname="com.actitime.testcases.TC6_ActitimeCreateLeaveType" name="creatework" time="23.643"/>
  <system-out/>
  <testcase classname="com.actitime.testcases.TC6_ActitimeCreateLeaveType" name="logout" time="5.113"/>
  <system-out/>
</testsuite> <!-- com.actitime.testcases.TC6_ActitimeCreateLeaveType -->
