<?xml version="1.0" encoding="UTF-8"?>
<!-- Generated by org.testng.reporters.JUnitReportReporter -->
<testsuite hostname="LAPTOP-HOM13T9M" failures="0" tests="4" name="com.actitime.testcases.TC2_ActitimeCreateCustomerDeleteCustomerLogout" time="49.452" errors="0" timestamp="2023-06-04T20:29:51 IST" skipped="0">
  <testcase classname="com.actitime.testcases.TC2_ActitimeCreateCustomerDeleteCustomerLogout" name="logincreatecustomerlogout" time="0.338"/>
  <system-out/>
  <testcase classname="com.actitime.testcases.TC2_ActitimeCreateCustomerDeleteCustomerLogout" name="createscustomer" time="27.661"/>
  <system-out/>
  <testcase classname="com.actitime.testcases.TC2_ActitimeCreateCustomerDeleteCustomerLogout" name="deletecustomer" time="15.577"/>
  <system-out/>
  <testcase classname="com.actitime.testcases.TC2_ActitimeCreateCustomerDeleteCustomerLogout" name="logout" time="5.876"/>
  <system-out/>
</testsuite> <!-- com.actitime.testcases.TC2_ActitimeCreateCustomerDeleteCustomerLogout -->
