<?xml version="1.0" encoding="UTF-8"?>
<!-- Generated by org.testng.reporters.JUnitReportReporter -->
<testsuite hostname="LAPTOP-HOM13T9M" failures="0" tests="3" name="com.actitime.testcases.TC4_ActitimeCreateProjectLogout" time="42.810" errors="0" timestamp="2023-06-04T20:29:51 IST" skipped="0">
  <testcase classname="com.actitime.testcases.TC4_ActitimeCreateProjectLogout" name="login" time="0.331"/>
  <system-out/>
  <testcase classname="com.actitime.testcases.TC4_ActitimeCreateProjectLogout" name="createproject" time="37.332"/>
  <system-out/>
  <testcase classname="com.actitime.testcases.TC4_ActitimeCreateProjectLogout" name="logout" time="5.147"/>
  <system-out/>
</testsuite> <!-- com.actitime.testcases.TC4_ActitimeCreateProjectLogout -->
