<?xml version="1.0" encoding="UTF-8"?>
<!-- Generated by org.testng.reporters.JUnitReportReporter -->
<testsuite hostname="LAPTOP-HOM13T9M" failures="0" tests="4" name="com.actitime.testcases.TC3_ActitimeLoginCreateWorkDeleteWorkLogout" time="40.461" errors="0" timestamp="2023-06-04T20:29:51 IST" skipped="0">
  <testcase classname="com.actitime.testcases.TC3_ActitimeLoginCreateWorkDeleteWorkLogout" name="login" time="0.810"/>
  <system-out/>
  <testcase classname="com.actitime.testcases.TC3_ActitimeLoginCreateWorkDeleteWorkLogout" name="creatework" time="29.609"/>
  <system-out/>
  <testcase classname="com.actitime.testcases.TC3_ActitimeLoginCreateWorkDeleteWorkLogout" name="deletework" time="3.112"/>
  <system-out/>
  <testcase classname="com.actitime.testcases.TC3_ActitimeLoginCreateWorkDeleteWorkLogout" name="logout" time="6.930"/>
  <system-out/>
</testsuite> <!-- com.actitime.testcases.TC3_ActitimeLoginCreateWorkDeleteWorkLogout -->
