<?xml version="1.0" encoding="UTF-8"?>
<!-- Generated by org.testng.reporters.JUnitReportReporter -->
<testsuite hostname="LAPTOP-HOM13T9M" failures="0" tests="3" name="com.actitime.testcases.TC5_ActitimeCreateNewUserLogout" time="33.356" errors="0" timestamp="2023-06-04T20:29:51 IST" skipped="0">
  <testcase classname="com.actitime.testcases.TC5_ActitimeCreateNewUserLogout" name="login" time="0.338"/>
  <system-out/>
  <testcase classname="com.actitime.testcases.TC5_ActitimeCreateNewUserLogout" name="addusers" time="27.228"/>
  <system-out/>
  <testcase classname="com.actitime.testcases.TC5_ActitimeCreateNewUserLogout" name="logout" time="5.790"/>
  <system-out/>
</testsuite> <!-- com.actitime.testcases.TC5_ActitimeCreateNewUserLogout -->
